
> portfolio-backend@1.0.0 start
> node server.js

(node:16608) [MONGOOSE] Warning: Duplicate schema index on {"email":1} found. This is often due to declaring an index using both "index: true" and "schema.index()". Please remove the duplicate index definition.
(Use `node --trace-warnings ...` to show where the warning was created)
(node:16608) [MONGOOSE] Warning: Duplicate schema index on {"username":1} found. This is often due to declaring an index using both "index: true" and "schema.index()". Please remove the duplicate index definition.
(node:16608) [MONGODB DRIVER] Warning: useNewUrlParser is a deprecated option: useNewUrlParser has no effect since Node.js Driver version 4.0.0 and will be removed in the next major version
(node:16608) [MONGODB DRIVER] Warning: useUnifiedTopology is a deprecated option: useUnifiedTopology has no effect since Node.js Driver version 4.0.0 and will be removed in the next major version
🚀 Server running on port 4000
🔒 Confidential portfolio backend active
✅ Connected to MongoDB
::1 - - [17/Aug/2025:14:35:18 +0000] "GET /api/health HTTP/1.1" 200 163 "-" "curl/8.7.1"
Contact form submission from ::1:
Name: Email Test User
Email: test@example.com
Subject: Portfolio Contact Form Test
Message: This is a test message to verify that emails are being sent to suyashmishraa983@gmail.com. Please ch...
Timestamp: 2025-08-17T14:35:27.554Z
📧 Email sent successfully to suyashmishraa983@gmail.com
::1 - - [17/Aug/2025:14:35:31 +0000] "POST /api/contact HTTP/1.1" 200 105 "-" "curl/8.7.1"
Contact form submission from ::1:
Name: Suyash Mishra
Email: contact-test@portfolio.com
Subject: Contact Form Successfully Configured
Message: Hi Suyash! Your portfolio contact form is now working perfectly. This email confirms that:

✅ Gmail ...
Timestamp: 2025-08-17T14:36:21.253Z
📧 Email sent successfully to suyashmishraa983@gmail.com
::1 - - [17/Aug/2025:14:36:26 +0000] "POST /api/contact HTTP/1.1" 200 105 "-" "curl/8.7.1"
::1 - - [17/Aug/2025:14:37:37 +0000] "OPTIONS /api/auth/login HTTP/1.1" 204 0 "http://localhost:3002/" "Mozilla/5.0 (Macintosh; Intel Mac OS X 10_15_7) AppleWebKit/537.36 (KHTML, like Gecko) Chrome/138.0.0.0 Safari/537.36"
::1 - - [17/Aug/2025:14:37:37 +0000] "POST /api/auth/login HTTP/1.1" 200 872 "http://localhost:3002/" "Mozilla/5.0 (Macintosh; Intel Mac OS X 10_15_7) AppleWebKit/537.36 (KHTML, like Gecko) Chrome/138.0.0.0 Safari/537.36"
